<?xml version="1.0" encoding="UTF-8"?>
<!-- Generated by org.testng.reporters.JUnitReportReporter -->
<testsuite hostname="n003h040.wst.mun.ca" name="ca.mitmaro.ldb.entity.ConferencePaperTest" tests="6" failures="0" timestamp="13 Mar 2012 12:27:18 GMT" time="0.004" errors="0">
  <testcase name="updateField" time="0.001" classname="ca.mitmaro.ldb.entity.ConferencePaperTest"/>
  <testcase name="getPrintable" time="0.001" classname="ca.mitmaro.ldb.entity.ConferencePaperTest"/>
  <testcase name="addToList_missingOldList" time="0.001" classname="ca.mitmaro.ldb.entity.ConferencePaperTest"/>
  <testcase name="getPages_differentPage" time="0.000" classname="ca.mitmaro.ldb.entity.ConferencePaperTest"/>
  <testcase name="getPages_samePage" time="0.000" classname="ca.mitmaro.ldb.entity.ConferencePaperTest"/>
  <testcase name="setDataSet" time="0.001" classname="ca.mitmaro.ldb.entity.ConferencePaperTest"/>
</testsuite> <!-- ca.mitmaro.ldb.entity.ConferencePaperTest -->
