<?xml version="1.0" encoding="UTF-8"?>
<!-- Generated by org.testng.reporters.JUnitReportReporter -->
<testsuite hostname="n003h040.wst.mun.ca" name="ca.mitmaro.ldb.entity.BookTest" tests="4" failures="0" timestamp="13 Mar 2012 12:27:17 GMT" time="0.007" errors="0">
  <testcase name="update" time="0.001" classname="ca.mitmaro.ldb.entity.BookTest"/>
  <testcase name="getPrintable" time="0.002" classname="ca.mitmaro.ldb.entity.BookTest"/>
  <testcase name="setDataSet" time="0.002" classname="ca.mitmaro.ldb.entity.BookTest"/>
  <testcase name="addToList_missingOldList" time="0.002" classname="ca.mitmaro.ldb.entity.BookTest"/>
</testsuite> <!-- ca.mitmaro.ldb.entity.BookTest -->
