<?xml version="1.0" encoding="UTF-8"?>
<!-- Generated by org.testng.reporters.JUnitReportReporter -->
<testsuite hostname="n003h040.wst.mun.ca" name="ca.mitmaro.ldb.entity.PaperTest" tests="10" failures="0" timestamp="13 Mar 2012 12:27:18 GMT" time="0.021" errors="0">
  <testcase name="setDataSet" time="0.001" classname="ca.mitmaro.ldb.entity.PaperTest"/>
  <testcase name="getTitle_Fail" time="0.000" classname="ca.mitmaro.ldb.entity.PaperTest"/>
  <testcase name="addToList_Success" time="0.001" classname="ca.mitmaro.ldb.entity.PaperTest"/>
  <testcase name="getYear_Fail" time="0.001" classname="ca.mitmaro.ldb.entity.PaperTest"/>
  <testcase name="getAuthorLast_Fail" time="0.000" classname="ca.mitmaro.ldb.entity.PaperTest"/>
  <testcase name="addReference" time="0.001" classname="ca.mitmaro.ldb.entity.PaperTest"/>
  <testcase name="addToList_missingOldList" time="0.006" classname="ca.mitmaro.ldb.entity.PaperTest"/>
  <testcase name="getAuthorFirst_Fail" time="0.001" classname="ca.mitmaro.ldb.entity.PaperTest"/>
  <testcase name="update" time="0.001" classname="ca.mitmaro.ldb.entity.PaperTest"/>
  <testcase name="addCitation" time="0.009" classname="ca.mitmaro.ldb.entity.PaperTest"/>
</testsuite> <!-- ca.mitmaro.ldb.entity.PaperTest -->
