<?xml version="1.0" encoding="UTF-8"?>
<!-- Generated by org.testng.reporters.JUnitReportReporter -->
<testsuite hostname="n003h040.wst.mun.ca" name="ca.mitmaro.ldb.entity.JournalPaperTest" tests="5" failures="0" timestamp="13 Mar 2012 12:27:18 GMT" time="0.012" errors="0">
  <testcase name="getPages_differentPage" time="0.001" classname="ca.mitmaro.ldb.entity.JournalPaperTest"/>
  <testcase name="getPages_samePage" time="0.001" classname="ca.mitmaro.ldb.entity.JournalPaperTest"/>
  <testcase name="update" time="0.001" classname="ca.mitmaro.ldb.entity.JournalPaperTest"/>
  <testcase name="setDataSet" time="0.008" classname="ca.mitmaro.ldb.entity.JournalPaperTest"/>
  <testcase name="getPrintable" time="0.001" classname="ca.mitmaro.ldb.entity.JournalPaperTest"/>
</testsuite> <!-- ca.mitmaro.ldb.entity.JournalPaperTest -->
